<?xml version="1.0" encoding="UTF-8"?>
<testng-results skipped="7" failed="0" total="13" passed="6">
  <reporter-output>
  </reporter-output>
  <suite name="Command line suite" duration-ms="90927" started-at="2021-10-02T05:11:55Z" finished-at="2021-10-02T05:13:26Z">
    <groups>
    </groups>
    <test name="Command line test" duration-ms="90927" started-at="2021-10-02T05:11:55Z" finished-at="2021-10-02T05:13:26Z">
      <class name="com.qa.tests.HomePageTest">
        <test-method status="FAIL" signature="setUp()[pri:0, instance:com.qa.tests.HomePageTest@2d3fcdbd]" name="setUp" is-config="true" duration-ms="0" started-at="2021-10-02T10:42:46Z" finished-at="2021-10-02T10:42:46Z">
          <exception class="org.openqa.selenium.ElementClickInterceptedException">
            <message>
              <![CDATA[element click intercepted: Element <input type="submit" value="Login" class="btn btn-small"> is not clickable at point (1228, 117). Other element would receive the click: <div id="preloader" style="opacity: 1;">...</div>
  (Session info: chrome=94.0.4606.71)
Build info: version: '3.141.59', revision: 'e82be7d358', time: '2018-11-14T08:17:03'
System info: host: 'Vipans-MacBook-Air.local', ip: 'fe80:0:0:0:14bf:937c:18b4:3268%en0', os.name: 'Mac OS X', os.arch: 'x86_64', os.version: '10.14.6', java.version: '1.8.0_151'
Driver info: org.openqa.selenium.chrome.ChromeDriver
Capabilities {acceptInsecureCerts: false, browserName: chrome, browserVersion: 94.0.4606.71, chrome: {chromedriverVersion: 94.0.4606.61 (418b78f5838ed..., userDataDir: /var/folders/4g/kzcc4nxx245...}, goog:chromeOptions: {debuggerAddress: localhost:51640}, javascriptEnabled: true, networkConnectionEnabled: false, pageLoadStrategy: normal, platform: MAC, platformName: MAC, proxy: Proxy(), setWindowRect: true, strictFileInteractability: false, timeouts: {implicit: 0, pageLoad: 300000, script: 30000}, unhandledPromptBehavior: dismiss and notify, webauthn:extension:credBlob: true, webauthn:extension:largeBlob: true, webauthn:virtualAuthenticators: true}
Session ID: 37e68f4cc9d5fb65451341dc53163823]]>
            </message>
            <full-stacktrace>
              <![CDATA[org.openqa.selenium.ElementClickInterceptedException: element click intercepted: Element <input type="submit" value="Login" class="btn btn-small"> is not clickable at point (1228, 117). Other element would receive the click: <div id="preloader" style="opacity: 1;">...</div>
  (Session info: chrome=94.0.4606.71)
Build info: version: '3.141.59', revision: 'e82be7d358', time: '2018-11-14T08:17:03'
System info: host: 'Vipans-MacBook-Air.local', ip: 'fe80:0:0:0:14bf:937c:18b4:3268%en0', os.name: 'Mac OS X', os.arch: 'x86_64', os.version: '10.14.6', java.version: '1.8.0_151'
Driver info: org.openqa.selenium.chrome.ChromeDriver
Capabilities {acceptInsecureCerts: false, browserName: chrome, browserVersion: 94.0.4606.71, chrome: {chromedriverVersion: 94.0.4606.61 (418b78f5838ed..., userDataDir: /var/folders/4g/kzcc4nxx245...}, goog:chromeOptions: {debuggerAddress: localhost:51640}, javascriptEnabled: true, networkConnectionEnabled: false, pageLoadStrategy: normal, platform: MAC, platformName: MAC, proxy: Proxy(), setWindowRect: true, strictFileInteractability: false, timeouts: {implicit: 0, pageLoad: 300000, script: 30000}, unhandledPromptBehavior: dismiss and notify, webauthn:extension:credBlob: true, webauthn:extension:largeBlob: true, webauthn:virtualAuthenticators: true}
Session ID: 37e68f4cc9d5fb65451341dc53163823
	at sun.reflect.NativeConstructorAccessorImpl.newInstance0(Native Method)
	at sun.reflect.NativeConstructorAccessorImpl.newInstance(NativeConstructorAccessorImpl.java:62)
	at sun.reflect.DelegatingConstructorAccessorImpl.newInstance(DelegatingConstructorAccessorImpl.java:45)
	at java.lang.reflect.Constructor.newInstance(Constructor.java:423)
	at org.openqa.selenium.remote.http.W3CHttpResponseCodec.createException(W3CHttpResponseCodec.java:187)
	at org.openqa.selenium.remote.http.W3CHttpResponseCodec.decode(W3CHttpResponseCodec.java:122)
	at org.openqa.selenium.remote.http.W3CHttpResponseCodec.decode(W3CHttpResponseCodec.java:49)
	at org.openqa.selenium.remote.HttpCommandExecutor.execute(HttpCommandExecutor.java:158)
	at org.openqa.selenium.remote.service.DriverCommandExecutor.execute(DriverCommandExecutor.java:83)
	at org.openqa.selenium.remote.RemoteWebDriver.execute(RemoteWebDriver.java:552)
	at org.openqa.selenium.remote.RemoteWebElement.execute(RemoteWebElement.java:285)
	at org.openqa.selenium.remote.RemoteWebElement.click(RemoteWebElement.java:84)
	at sun.reflect.NativeMethodAccessorImpl.invoke0(Native Method)
	at sun.reflect.NativeMethodAccessorImpl.invoke(NativeMethodAccessorImpl.java:62)
	at sun.reflect.DelegatingMethodAccessorImpl.invoke(DelegatingMethodAccessorImpl.java:43)
	at java.lang.reflect.Method.invoke(Method.java:498)
	at org.openqa.selenium.support.pagefactory.internal.LocatingElementHandler.invoke(LocatingElementHandler.java:51)
	at com.sun.proxy.$Proxy8.click(Unknown Source)
	at com.qa.pages.LoginPage.doLogin(LoginPage.java:53)
	at com.qa.tests.HomePageTest.setUp(HomePageTest.java:33)
	at sun.reflect.NativeMethodAccessorImpl.invoke0(Native Method)
	at sun.reflect.NativeMethodAccessorImpl.invoke(NativeMethodAccessorImpl.java:62)
	at sun.reflect.DelegatingMethodAccessorImpl.invoke(DelegatingMethodAccessorImpl.java:43)
	at java.lang.reflect.Method.invoke(Method.java:498)
	at org.testng.internal.MethodInvocationHelper.invokeMethod(MethodInvocationHelper.java:80)
	at org.testng.internal.Invoker.invokeConfigurationMethod(Invoker.java:564)
	at org.testng.internal.Invoker.invokeConfigurations(Invoker.java:213)
	at org.testng.internal.Invoker.invokeMethod(Invoker.java:653)
	at org.testng.internal.Invoker.invokeTestMethod(Invoker.java:901)
	at org.testng.internal.Invoker.invokeTestMethods(Invoker.java:1231)
	at org.testng.internal.TestMethodWorker.invokeTestMethods(TestMethodWorker.java:127)
	at org.testng.internal.TestMethodWorker.run(TestMethodWorker.java:111)
	at org.testng.TestRunner.privateRun(TestRunner.java:767)
	at org.testng.TestRunner.run(TestRunner.java:617)
	at org.testng.SuiteRunner.runTest(SuiteRunner.java:334)
	at org.testng.SuiteRunner.runSequentially(SuiteRunner.java:329)
	at org.testng.SuiteRunner.privateRun(SuiteRunner.java:291)
	at org.testng.SuiteRunner.run(SuiteRunner.java:240)
	at org.testng.SuiteRunnerWorker.runSuite(SuiteRunnerWorker.java:52)
	at org.testng.SuiteRunnerWorker.run(SuiteRunnerWorker.java:86)
	at org.testng.TestNG.runSuitesSequentially(TestNG.java:1198)
	at org.testng.TestNG.runSuitesLocally(TestNG.java:1123)
	at org.testng.TestNG.run(TestNG.java:1031)
	at org.apache.maven.surefire.testng.TestNGExecutor.run(TestNGExecutor.java:77)
	at org.apache.maven.surefire.testng.TestNGDirectoryTestSuite.executeMulti(TestNGDirectoryTestSuite.java:159)
	at org.apache.maven.surefire.testng.TestNGDirectoryTestSuite.execute(TestNGDirectoryTestSuite.java:99)
	at org.apache.maven.surefire.testng.TestNGProvider.invoke(TestNGProvider.java:106)
	at sun.reflect.NativeMethodAccessorImpl.invoke0(Native Method)
	at sun.reflect.NativeMethodAccessorImpl.invoke(NativeMethodAccessorImpl.java:62)
	at sun.reflect.DelegatingMethodAccessorImpl.invoke(DelegatingMethodAccessorImpl.java:43)
	at java.lang.reflect.Method.invoke(Method.java:498)
	at org.apache.maven.surefire.util.ReflectionUtils.invokeMethodWithArray(ReflectionUtils.java:189)
	at org.apache.maven.surefire.booter.ProviderFactory$ProviderProxy.invoke(ProviderFactory.java:165)
	at org.apache.maven.surefire.booter.ProviderFactory.invokeProvider(ProviderFactory.java:85)
	at org.apache.maven.surefire.booter.ForkedBooter.runSuitesInProcess(ForkedBooter.java:115)
	at org.apache.maven.surefire.booter.ForkedBooter.main(ForkedBooter.java:75)
]]>
            </full-stacktrace>
          </exception> <!-- org.openqa.selenium.ElementClickInterceptedException -->
          <reporter-output>
          </reporter-output>
        </test-method> <!-- setUp -->
        <test-method status="SKIP" signature="verifyUserNameDisplayedTest()[pri:0, instance:com.qa.tests.HomePageTest@2d3fcdbd]" name="verifyUserNameDisplayedTest" duration-ms="0" started-at="2021-10-02T10:42:55Z" finished-at="2021-10-02T10:42:55Z">
          <reporter-output>
          </reporter-output>
        </test-method> <!-- verifyUserNameDisplayedTest -->
        <test-method status="SKIP" signature="tearDown()[pri:0, instance:com.qa.tests.HomePageTest@2d3fcdbd]" name="tearDown" is-config="true" duration-ms="0" started-at="2021-10-02T10:42:55Z" finished-at="2021-10-02T10:42:55Z">
          <reporter-output>
          </reporter-output>
        </test-method> <!-- tearDown -->
        <test-method status="SKIP" signature="verifyHeaderTextDisplayedTest()[pri:0, instance:com.qa.tests.HomePageTest@2d3fcdbd]" name="verifyHeaderTextDisplayedTest" duration-ms="0" started-at="2021-10-02T10:43:02Z" finished-at="2021-10-02T10:43:02Z">
          <reporter-output>
          </reporter-output>
        </test-method> <!-- verifyHeaderTextDisplayedTest -->
        <test-method status="SKIP" signature="setUp()[pri:0, instance:com.qa.tests.HomePageTest@2d3fcdbd]" name="setUp" is-config="true" duration-ms="0" started-at="2021-10-02T10:43:02Z" finished-at="2021-10-02T10:43:02Z">
          <reporter-output>
          </reporter-output>
        </test-method> <!-- setUp -->
        <test-method status="SKIP" signature="tearDown()[pri:0, instance:com.qa.tests.HomePageTest@2d3fcdbd]" name="tearDown" is-config="true" duration-ms="0" started-at="2021-10-02T10:43:02Z" finished-at="2021-10-02T10:43:02Z">
          <reporter-output>
          </reporter-output>
        </test-method> <!-- tearDown -->
        <test-method status="SKIP" signature="verifyLeftSideContainerTest()[pri:0, instance:com.qa.tests.HomePageTest@2d3fcdbd]" name="verifyLeftSideContainerTest" duration-ms="0" started-at="2021-10-02T10:43:12Z" finished-at="2021-10-02T10:43:12Z">
          <reporter-output>
          </reporter-output>
        </test-method> <!-- verifyLeftSideContainerTest -->
        <test-method status="SKIP" signature="tearDown()[pri:0, instance:com.qa.tests.HomePageTest@2d3fcdbd]" name="tearDown" is-config="true" duration-ms="0" started-at="2021-10-02T10:43:12Z" finished-at="2021-10-02T10:43:12Z">
          <reporter-output>
          </reporter-output>
        </test-method> <!-- tearDown -->
        <test-method status="SKIP" signature="setUp()[pri:0, instance:com.qa.tests.HomePageTest@2d3fcdbd]" name="setUp" is-config="true" duration-ms="0" started-at="2021-10-02T10:43:12Z" finished-at="2021-10-02T10:43:12Z">
          <reporter-output>
          </reporter-output>
        </test-method> <!-- setUp -->
        <test-method status="SKIP" signature="setUp()[pri:0, instance:com.qa.tests.HomePageTest@2d3fcdbd]" name="setUp" is-config="true" duration-ms="0" started-at="2021-10-02T10:43:26Z" finished-at="2021-10-02T10:43:26Z">
          <reporter-output>
          </reporter-output>
        </test-method> <!-- setUp -->
        <test-method status="SKIP" signature="verifySetUpLinkTest()[pri:0, instance:com.qa.tests.HomePageTest@2d3fcdbd]" name="verifySetUpLinkTest" duration-ms="0" started-at="2021-10-02T10:43:26Z" finished-at="2021-10-02T10:43:26Z">
          <reporter-output>
          </reporter-output>
        </test-method> <!-- verifySetUpLinkTest -->
        <test-method status="SKIP" signature="tearDown()[pri:0, instance:com.qa.tests.HomePageTest@2d3fcdbd]" name="tearDown" is-config="true" duration-ms="0" started-at="2021-10-02T10:43:26Z" finished-at="2021-10-02T10:43:26Z">
          <reporter-output>
          </reporter-output>
        </test-method> <!-- tearDown -->
        <test-method status="SKIP" signature="verifyLogoutLinkTest()[pri:0, instance:com.qa.tests.HomePageTest@2d3fcdbd]" name="verifyLogoutLinkTest" duration-ms="1" started-at="2021-10-02T10:43:26Z" finished-at="2021-10-02T10:43:26Z">
          <reporter-output>
          </reporter-output>
        </test-method> <!-- verifyLogoutLinkTest -->
        <test-method status="SKIP" signature="setUp()[pri:0, instance:com.qa.tests.HomePageTest@2d3fcdbd]" name="setUp" is-config="true" duration-ms="0" started-at="2021-10-02T10:43:26Z" finished-at="2021-10-02T10:43:26Z">
          <reporter-output>
          </reporter-output>
        </test-method> <!-- setUp -->
        <test-method status="SKIP" signature="tearDown()[pri:0, instance:com.qa.tests.HomePageTest@2d3fcdbd]" name="tearDown" is-config="true" duration-ms="0" started-at="2021-10-02T10:43:26Z" finished-at="2021-10-02T10:43:26Z">
          <reporter-output>
          </reporter-output>
        </test-method> <!-- tearDown -->
        <test-method status="SKIP" signature="verifyHelpLinkTest()[pri:0, instance:com.qa.tests.HomePageTest@2d3fcdbd]" name="verifyHelpLinkTest" duration-ms="0" started-at="2021-10-02T10:43:26Z" finished-at="2021-10-02T10:43:26Z">
          <reporter-output>
          </reporter-output>
        </test-method> <!-- verifyHelpLinkTest -->
        <test-method status="SKIP" signature="setUp()[pri:0, instance:com.qa.tests.HomePageTest@2d3fcdbd]" name="setUp" is-config="true" duration-ms="0" started-at="2021-10-02T10:43:26Z" finished-at="2021-10-02T10:43:26Z">
          <reporter-output>
          </reporter-output>
        </test-method> <!-- setUp -->
        <test-method status="SKIP" signature="tearDown()[pri:0, instance:com.qa.tests.HomePageTest@2d3fcdbd]" name="tearDown" is-config="true" duration-ms="0" started-at="2021-10-02T10:43:26Z" finished-at="2021-10-02T10:43:26Z">
          <reporter-output>
          </reporter-output>
        </test-method> <!-- tearDown -->
        <test-method status="SKIP" signature="verifyNewEventSubMenuTest()[pri:0, instance:com.qa.tests.HomePageTest@2d3fcdbd]" name="verifyNewEventSubMenuTest" duration-ms="0" started-at="2021-10-02T10:43:26Z" finished-at="2021-10-02T10:43:26Z">
          <reporter-output>
          </reporter-output>
        </test-method> <!-- verifyNewEventSubMenuTest -->
        <test-method status="SKIP" signature="setUp()[pri:0, instance:com.qa.tests.HomePageTest@2d3fcdbd]" name="setUp" is-config="true" duration-ms="0" started-at="2021-10-02T10:43:26Z" finished-at="2021-10-02T10:43:26Z">
          <reporter-output>
          </reporter-output>
        </test-method> <!-- setUp -->
        <test-method status="SKIP" signature="tearDown()[pri:0, instance:com.qa.tests.HomePageTest@2d3fcdbd]" name="tearDown" is-config="true" duration-ms="0" started-at="2021-10-02T10:43:26Z" finished-at="2021-10-02T10:43:26Z">
          <reporter-output>
          </reporter-output>
        </test-method> <!-- tearDown -->
      </class> <!-- com.qa.tests.HomePageTest -->
      <class name="com.qa.tests.NewCompanyTest">
        <test-method status="PASS" signature="setUp()[pri:0, instance:com.qa.tests.NewCompanyTest@6fb554cc]" name="setUp" is-config="true" duration-ms="14803" started-at="2021-10-02T10:41:56Z" finished-at="2021-10-02T10:42:11Z">
          <reporter-output>
          </reporter-output>
        </test-method> <!-- setUp -->
        <test-method status="PASS" signature="createNewCompanyTest(java.lang.String, java.lang.String, java.lang.String, java.lang.String)[pri:0, instance:com.qa.tests.NewCompanyTest@6fb554cc]" name="createNewCompanyTest" duration-ms="2510" started-at="2021-10-02T10:42:11Z" data-provider="getData" finished-at="2021-10-02T10:42:13Z">
          <params>
            <param index="0">
              <value>
                <![CDATA[Com1]]>
              </value>
            </param>
            <param index="1">
              <value>
                <![CDATA[Indus1]]>
              </value>
            </param>
            <param index="2">
              <value>
                <![CDATA[1 lacs]]>
              </value>
            </param>
            <param index="3">
              <value>
                <![CDATA[Active]]>
              </value>
            </param>
          </params>
          <reporter-output>
          </reporter-output>
        </test-method> <!-- createNewCompanyTest -->
        <test-method status="PASS" signature="tearDown()[pri:0, instance:com.qa.tests.NewCompanyTest@6fb554cc]" name="tearDown" is-config="true" duration-ms="199" started-at="2021-10-02T10:42:13Z" finished-at="2021-10-02T10:42:13Z">
          <reporter-output>
          </reporter-output>
        </test-method> <!-- tearDown -->
        <test-method status="PASS" signature="setUp()[pri:0, instance:com.qa.tests.NewCompanyTest@6fb554cc]" name="setUp" is-config="true" duration-ms="14378" started-at="2021-10-02T10:42:13Z" finished-at="2021-10-02T10:42:28Z">
          <reporter-output>
          </reporter-output>
        </test-method> <!-- setUp -->
        <test-method status="PASS" signature="createNewCompanyTest(java.lang.String, java.lang.String, java.lang.String, java.lang.String)[pri:0, instance:com.qa.tests.NewCompanyTest@6fb554cc]" name="createNewCompanyTest" duration-ms="2370" started-at="2021-10-02T10:42:28Z" data-provider="getData" finished-at="2021-10-02T10:42:30Z">
          <params>
            <param index="0">
              <value>
                <![CDATA[Com2]]>
              </value>
            </param>
            <param index="1">
              <value>
                <![CDATA[Indus2]]>
              </value>
            </param>
            <param index="2">
              <value>
                <![CDATA[2 lacs]]>
              </value>
            </param>
            <param index="3">
              <value>
                <![CDATA[Hot]]>
              </value>
            </param>
          </params>
          <reporter-output>
          </reporter-output>
        </test-method> <!-- createNewCompanyTest -->
        <test-method status="PASS" signature="tearDown()[pri:0, instance:com.qa.tests.NewCompanyTest@6fb554cc]" name="tearDown" is-config="true" duration-ms="252" started-at="2021-10-02T10:42:30Z" finished-at="2021-10-02T10:42:30Z">
          <reporter-output>
          </reporter-output>
        </test-method> <!-- tearDown -->
        <test-method status="PASS" signature="setUp()[pri:0, instance:com.qa.tests.NewCompanyTest@6fb554cc]" name="setUp" is-config="true" duration-ms="13149" started-at="2021-10-02T10:42:30Z" finished-at="2021-10-02T10:42:43Z">
          <reporter-output>
          </reporter-output>
        </test-method> <!-- setUp -->
        <test-method status="PASS" signature="createNewCompanyTest(java.lang.String, java.lang.String, java.lang.String, java.lang.String)[pri:0, instance:com.qa.tests.NewCompanyTest@6fb554cc]" name="createNewCompanyTest" duration-ms="1992" started-at="2021-10-02T10:42:43Z" data-provider="getData" finished-at="2021-10-02T10:42:45Z">
          <params>
            <param index="0">
              <value>
                <![CDATA[Com3]]>
              </value>
            </param>
            <param index="1">
              <value>
                <![CDATA[Indus3]]>
              </value>
            </param>
            <param index="2">
              <value>
                <![CDATA[3 lacs]]>
              </value>
            </param>
            <param index="3">
              <value>
                <![CDATA[Inactive]]>
              </value>
            </param>
          </params>
          <reporter-output>
          </reporter-output>
        </test-method> <!-- createNewCompanyTest -->
        <test-method status="PASS" signature="tearDown()[pri:0, instance:com.qa.tests.NewCompanyTest@6fb554cc]" name="tearDown" is-config="true" duration-ms="156" started-at="2021-10-02T10:42:45Z" finished-at="2021-10-02T10:42:46Z">
          <reporter-output>
          </reporter-output>
        </test-method> <!-- tearDown -->
      </class> <!-- com.qa.tests.NewCompanyTest -->
      <class name="com.qa.tests.LoginPageTest">
        <test-method status="PASS" signature="setUp()[pri:0, instance:com.qa.tests.LoginPageTest@617c74e5]" name="setUp" is-config="true" duration-ms="7032" started-at="2021-10-02T10:42:55Z" finished-at="2021-10-02T10:43:02Z">
          <reporter-output>
          </reporter-output>
        </test-method> <!-- setUp -->
        <test-method status="PASS" signature="verifyLoginPageLogoTest()[pri:0, instance:com.qa.tests.LoginPageTest@617c74e5]" name="verifyLoginPageLogoTest" duration-ms="88" started-at="2021-10-02T10:43:02Z" finished-at="2021-10-02T10:43:02Z">
          <reporter-output>
          </reporter-output>
        </test-method> <!-- verifyLoginPageLogoTest -->
        <test-method status="PASS" signature="tearDown()[pri:0, instance:com.qa.tests.LoginPageTest@617c74e5]" name="tearDown" is-config="true" duration-ms="110" started-at="2021-10-02T10:43:02Z" finished-at="2021-10-02T10:43:02Z">
          <reporter-output>
          </reporter-output>
        </test-method> <!-- tearDown -->
        <test-method status="PASS" signature="setUp()[pri:0, instance:com.qa.tests.LoginPageTest@617c74e5]" name="setUp" is-config="true" duration-ms="10370" started-at="2021-10-02T10:43:02Z" finished-at="2021-10-02T10:43:12Z">
          <reporter-output>
          </reporter-output>
        </test-method> <!-- setUp -->
        <test-method status="PASS" signature="verifyHeaderLinksTest()[pri:0, instance:com.qa.tests.LoginPageTest@617c74e5]" name="verifyHeaderLinksTest" duration-ms="182" started-at="2021-10-02T10:43:12Z" finished-at="2021-10-02T10:43:12Z">
          <reporter-output>
          </reporter-output>
        </test-method> <!-- verifyHeaderLinksTest -->
        <test-method status="PASS" signature="tearDown()[pri:0, instance:com.qa.tests.LoginPageTest@617c74e5]" name="tearDown" is-config="true" duration-ms="121" started-at="2021-10-02T10:43:12Z" finished-at="2021-10-02T10:43:12Z">
          <reporter-output>
          </reporter-output>
        </test-method> <!-- tearDown -->
        <test-method status="PASS" signature="setUp()[pri:0, instance:com.qa.tests.LoginPageTest@617c74e5]" name="setUp" is-config="true" duration-ms="7751" started-at="2021-10-02T10:43:12Z" finished-at="2021-10-02T10:43:20Z">
          <reporter-output>
          </reporter-output>
        </test-method> <!-- setUp -->
        <test-method status="PASS" signature="loginTest()[pri:0, instance:com.qa.tests.LoginPageTest@617c74e5]" name="loginTest" duration-ms="5661" started-at="2021-10-02T10:43:20Z" finished-at="2021-10-02T10:43:26Z">
          <reporter-output>
          </reporter-output>
        </test-method> <!-- loginTest -->
        <test-method status="PASS" signature="tearDown()[pri:0, instance:com.qa.tests.LoginPageTest@617c74e5]" name="tearDown" is-config="true" duration-ms="143" started-at="2021-10-02T10:43:26Z" finished-at="2021-10-02T10:43:26Z">
          <reporter-output>
          </reporter-output>
        </test-method> <!-- tearDown -->
      </class> <!-- com.qa.tests.LoginPageTest -->
    </test> <!-- Command line test -->
  </suite> <!-- Command line suite -->
</testng-results>
