<?xml version="1.0" encoding="UTF-8" ?>
<testsuite tests="27" failures="1" name="TestSuite" time="30.254" errors="0" skipped="20">
  <properties>
[...]
</properties>
  <testcase classname="com.qa.tests.NewCompanyTest" name="createNewCompanyTest" time="2.511"/>
  <testcase classname="com.qa.tests.NewCompanyTest" name="createNewCompanyTest" time="2.37"/>
  <testcase classname="com.qa.tests.NewCompanyTest" name="createNewCompanyTest" time="1.992"/>
  <testcase classname="com.qa.tests.HomePageTest" name="setUp" time="11.15">
    <failure message="element click intercepted: Element &lt;input type=&quot;submit&quot; value=&quot;Login&quot; class=&quot;btn btn-small&quot;&gt; is not clickable at point (1228, 117). Other element would receive the click: &lt;div id=&quot;preloader&quot; style=&quot;opacity: 1;&quot;&gt;...&lt;/div&gt;
  (Session info: chrome=94.0.4606.71)
Build info: version: &apos;3.141.59&apos;, revision: &apos;e82be7d358&apos;, time: &apos;2018-11-14T08:17:03&apos;
System info: host: &apos;Vipans-MacBook-Air.local&apos;, ip: &apos;fe80:0:0:0:14bf:937c:18b4:3268%en0&apos;, os.name: &apos;Mac OS X&apos;, os.arch: &apos;x86_64&apos;, os.version: &apos;10.14.6&apos;, java.version: &apos;1.8.0_151&apos;
Driver info: org.openqa.selenium.chrome.ChromeDriver
Capabilities {acceptInsecureCerts: false, browserName: chrome, browserVersion: 94.0.4606.71, chrome: {chromedriverVersion: 94.0.4606.61 (418b78f5838ed..., userDataDir: /var/folders/4g/kzcc4nxx245...}, goog:chromeOptions: {debuggerAddress: localhost:51640}, javascriptEnabled: true, networkConnectionEnabled: false, pageLoadStrategy: normal, platform: MAC, platformName: MAC, proxy: Proxy(), setWindowRect: true, strictFileInteractability: false, timeouts: {implicit: 0, pageLoad: 300000, script: 30000}, unhandledPromptBehavior: dismiss and notify, webauthn:extension:credBlob: true, webauthn:extension:largeBlob: true, webauthn:virtualAuthenticators: true}
Session ID: 37e68f4cc9d5fb65451341dc53163823" type="org.openqa.selenium.ElementClickInterceptedException">org.openqa.selenium.ElementClickInterceptedException: element click intercepted: Element &lt;input type=&quot;submit&quot; value=&quot;Login&quot; class=&quot;btn btn-small&quot;&gt; is not clickable at point (1228, 117). Other element would receive the click: &lt;div id=&quot;preloader&quot; style=&quot;opacity: 1;&quot;&gt;...&lt;/div&gt;
  (Session info: chrome=94.0.4606.71)
Build info: version: &apos;3.141.59&apos;, revision: &apos;e82be7d358&apos;, time: &apos;2018-11-14T08:17:03&apos;
System info: host: &apos;Vipans-MacBook-Air.local&apos;, ip: &apos;fe80:0:0:0:14bf:937c:18b4:3268%en0&apos;, os.name: &apos;Mac OS X&apos;, os.arch: &apos;x86_64&apos;, os.version: &apos;10.14.6&apos;, java.version: &apos;1.8.0_151&apos;
Driver info: org.openqa.selenium.chrome.ChromeDriver
Capabilities {acceptInsecureCerts: false, browserName: chrome, browserVersion: 94.0.4606.71, chrome: {chromedriverVersion: 94.0.4606.61 (418b78f5838ed..., userDataDir: /var/folders/4g/kzcc4nxx245...}, goog:chromeOptions: {debuggerAddress: localhost:51640}, javascriptEnabled: true, networkConnectionEnabled: false, pageLoadStrategy: normal, platform: MAC, platformName: MAC, proxy: Proxy(), setWindowRect: true, strictFileInteractability: false, timeouts: {implicit: 0, pageLoad: 300000, script: 30000}, unhandledPromptBehavior: dismiss and notify, webauthn:extension:credBlob: true, webauthn:extension:largeBlob: true, webauthn:virtualAuthenticators: true}
Session ID: 37e68f4cc9d5fb65451341dc53163823
	at sun.reflect.NativeConstructorAccessorImpl.newInstance0(Native Method)
	at sun.reflect.NativeConstructorAccessorImpl.newInstance(NativeConstructorAccessorImpl.java:62)
	at sun.reflect.DelegatingConstructorAccessorImpl.newInstance(DelegatingConstructorAccessorImpl.java:45)
	at java.lang.reflect.Constructor.newInstance(Constructor.java:423)
	at org.openqa.selenium.remote.http.W3CHttpResponseCodec.createException(W3CHttpResponseCodec.java:187)
	at org.openqa.selenium.remote.http.W3CHttpResponseCodec.decode(W3CHttpResponseCodec.java:122)
	at org.openqa.selenium.remote.http.W3CHttpResponseCodec.decode(W3CHttpResponseCodec.java:49)
	at org.openqa.selenium.remote.HttpCommandExecutor.execute(HttpCommandExecutor.java:158)
	at org.openqa.selenium.remote.service.DriverCommandExecutor.execute(DriverCommandExecutor.java:83)
	at org.openqa.selenium.remote.RemoteWebDriver.execute(RemoteWebDriver.java:552)
	at org.openqa.selenium.remote.RemoteWebElement.execute(RemoteWebElement.java:285)
	at org.openqa.selenium.remote.RemoteWebElement.click(RemoteWebElement.java:84)
	at sun.reflect.NativeMethodAccessorImpl.invoke0(Native Method)
	at sun.reflect.NativeMethodAccessorImpl.invoke(NativeMethodAccessorImpl.java:62)
	at sun.reflect.DelegatingMethodAccessorImpl.invoke(DelegatingMethodAccessorImpl.java:43)
	at java.lang.reflect.Method.invoke(Method.java:498)
	at org.openqa.selenium.support.pagefactory.internal.LocatingElementHandler.invoke(LocatingElementHandler.java:51)
	at com.sun.proxy.$Proxy8.click(Unknown Source)
	at com.qa.pages.LoginPage.doLogin(LoginPage.java:53)
	at com.qa.tests.HomePageTest.setUp(HomePageTest.java:33)
</failure>
    <system-err>Starting ChromeDriver 94.0.4606.61 (418b78f5838ed0b1c69bb4e51ea0252171854915-refs/branch-heads/4606@{#1204}) on port 29258
Only local connections are allowed.
Please see https://chromedriver.chromium.org/security-considerations for suggestions on keeping ChromeDriver safe.
ChromeDriver was started successfully.
Oct 02, 2021 10:42:47 AM org.openqa.selenium.remote.ProtocolHandshake createSession
INFO: Detected dialect: W3C
</system-err>
  </testcase>
  <testcase classname="com.qa.tests.HomePageTest" name="verifyUserNameDisplayedTest" time="0">
    <skipped/>
  </testcase>
  <testcase classname="com.qa.tests.HomePageTest" name="tearDown" time="0.001">
    <skipped/>
  </testcase>
  <testcase classname="com.qa.tests.LoginPageTest" name="verifyLoginPageLogoTest" time="0.08"/>
  <testcase classname="com.qa.tests.HomePageTest" name="setUp" time="0.19">
    <skipped/>
  </testcase>
  <testcase classname="com.qa.tests.HomePageTest" name="verifyHeaderTextDisplayedTest" time="0">
    <skipped/>
  </testcase>
  <testcase classname="com.qa.tests.HomePageTest" name="tearDown" time="0">
    <skipped/>
  </testcase>
  <testcase classname="com.qa.tests.LoginPageTest" name="verifyHeaderLinksTest" time="0.183"/>
  <testcase classname="com.qa.tests.HomePageTest" name="setUp" time="0.306">
    <skipped/>
  </testcase>
  <testcase classname="com.qa.tests.HomePageTest" name="verifyLeftSideContainerTest" time="0">
    <skipped/>
  </testcase>
  <testcase classname="com.qa.tests.HomePageTest" name="tearDown" time="0.005">
    <skipped/>
  </testcase>
  <testcase classname="com.qa.tests.LoginPageTest" name="loginTest" time="5.66"/>
  <testcase classname="com.qa.tests.HomePageTest" name="setUp" time="5.804">
    <skipped/>
  </testcase>
  <testcase classname="com.qa.tests.HomePageTest" name="verifySetUpLinkTest" time="0">
    <skipped/>
  </testcase>
  <testcase classname="com.qa.tests.HomePageTest" name="tearDown" time="0">
    <skipped/>
  </testcase>
  <testcase classname="com.qa.tests.HomePageTest" name="setUp" time="0.001">
    <skipped/>
  </testcase>
  <testcase classname="com.qa.tests.HomePageTest" name="verifyHelpLinkTest" time="0">
    <skipped/>
  </testcase>
  <testcase classname="com.qa.tests.HomePageTest" name="tearDown" time="0">
    <skipped/>
  </testcase>
  <testcase classname="com.qa.tests.HomePageTest" name="setUp" time="0.001">
    <skipped/>
  </testcase>
  <testcase classname="com.qa.tests.HomePageTest" name="verifyLogoutLinkTest" time="0">
    <skipped/>
  </testcase>
  <testcase classname="com.qa.tests.HomePageTest" name="tearDown" time="0">
    <skipped/>
  </testcase>
  <testcase classname="com.qa.tests.HomePageTest" name="setUp" time="0">
    <skipped/>
  </testcase>
  <testcase classname="com.qa.tests.HomePageTest" name="verifyNewEventSubMenuTest" time="0">
    <skipped/>
  </testcase>
  <testcase classname="com.qa.tests.HomePageTest" name="tearDown" time="0">
    <skipped/>
  </testcase>
</testsuite>