<?xml version="1.0" encoding="UTF-8"?>
<testng-results skipped="0" failed="1" total="3" passed="2">
  <reporter-output>
  </reporter-output>
  <suite name="Free CRM Automation Suite" duration-ms="50549" started-at="2021-10-03T14:31:14Z" finished-at="2021-10-03T14:32:05Z">
    <groups>
    </groups>
    <test name="Free CRM Automation Test" duration-ms="50549" started-at="2021-10-03T14:31:14Z" finished-at="2021-10-03T14:32:05Z">
      <class name="com.qa.tests.LoginPageTest">
        <test-method status="PASS" signature="setUp()[pri:0, instance:com.qa.tests.LoginPageTest@61832929]" name="setUp" is-config="true" duration-ms="9182" started-at="2021-10-03T20:01:14Z" finished-at="2021-10-03T20:01:23Z">
          <reporter-output>
          </reporter-output>
        </test-method> <!-- setUp -->
        <test-method status="FAIL" signature="verifyLoginPageLogoTest()[pri:0, instance:com.qa.tests.LoginPageTest@61832929]" name="verifyLoginPageLogoTest" duration-ms="20086" started-at="2021-10-03T20:01:23Z" finished-at="2021-10-03T20:01:44Z">
          <exception class="org.openqa.selenium.NoSuchElementException">
            <message>
              <![CDATA[no such element: Unable to locate element: {"method":"xpath","selector":"//img[contains(@src,'logo111')]"}
  (Session info: chrome=94.0.4606.71)
For documentation on this error, please visit: https://www.seleniumhq.org/exceptions/no_such_element.html
Build info: version: '3.141.59', revision: 'e82be7d358', time: '2018-11-14T08:17:03'
System info: host: 'Vipans-MacBook-Air.local', ip: 'fe80:0:0:0:1846:6551:b146:c7c9%en0', os.name: 'Mac OS X', os.arch: 'x86_64', os.version: '10.14.6', java.version: '1.8.0_151'
Driver info: org.openqa.selenium.chrome.ChromeDriver
Capabilities {acceptInsecureCerts: false, browserName: chrome, browserVersion: 94.0.4606.71, chrome: {chromedriverVersion: 94.0.4606.61 (418b78f5838ed..., userDataDir: /var/folders/4g/kzcc4nxx245...}, goog:chromeOptions: {debuggerAddress: localhost:51511}, javascriptEnabled: true, networkConnectionEnabled: false, pageLoadStrategy: normal, platform: MAC, platformName: MAC, proxy: Proxy(), setWindowRect: true, strictFileInteractability: false, timeouts: {implicit: 0, pageLoad: 300000, script: 30000}, unhandledPromptBehavior: dismiss and notify, webauthn:extension:credBlob: true, webauthn:extension:largeBlob: true, webauthn:virtualAuthenticators: true}
Session ID: d858f585bba570174889a1fa30352964
*** Element info: {Using=xpath, value=//img[contains(@src,'logo111')]}]]>
            </message>
            <full-stacktrace>
              <![CDATA[org.openqa.selenium.NoSuchElementException: no such element: Unable to locate element: {"method":"xpath","selector":"//img[contains(@src,'logo111')]"}
  (Session info: chrome=94.0.4606.71)
For documentation on this error, please visit: https://www.seleniumhq.org/exceptions/no_such_element.html
Build info: version: '3.141.59', revision: 'e82be7d358', time: '2018-11-14T08:17:03'
System info: host: 'Vipans-MacBook-Air.local', ip: 'fe80:0:0:0:1846:6551:b146:c7c9%en0', os.name: 'Mac OS X', os.arch: 'x86_64', os.version: '10.14.6', java.version: '1.8.0_151'
Driver info: org.openqa.selenium.chrome.ChromeDriver
Capabilities {acceptInsecureCerts: false, browserName: chrome, browserVersion: 94.0.4606.71, chrome: {chromedriverVersion: 94.0.4606.61 (418b78f5838ed..., userDataDir: /var/folders/4g/kzcc4nxx245...}, goog:chromeOptions: {debuggerAddress: localhost:51511}, javascriptEnabled: true, networkConnectionEnabled: false, pageLoadStrategy: normal, platform: MAC, platformName: MAC, proxy: Proxy(), setWindowRect: true, strictFileInteractability: false, timeouts: {implicit: 0, pageLoad: 300000, script: 30000}, unhandledPromptBehavior: dismiss and notify, webauthn:extension:credBlob: true, webauthn:extension:largeBlob: true, webauthn:virtualAuthenticators: true}
Session ID: d858f585bba570174889a1fa30352964
*** Element info: {Using=xpath, value=//img[contains(@src,'logo111')]}
	at sun.reflect.NativeConstructorAccessorImpl.newInstance0(Native Method)
	at sun.reflect.NativeConstructorAccessorImpl.newInstance(NativeConstructorAccessorImpl.java:62)
	at sun.reflect.DelegatingConstructorAccessorImpl.newInstance(DelegatingConstructorAccessorImpl.java:45)
	at java.lang.reflect.Constructor.newInstance(Constructor.java:423)
	at org.openqa.selenium.remote.http.W3CHttpResponseCodec.createException(W3CHttpResponseCodec.java:187)
	at org.openqa.selenium.remote.http.W3CHttpResponseCodec.decode(W3CHttpResponseCodec.java:122)
	at org.openqa.selenium.remote.http.W3CHttpResponseCodec.decode(W3CHttpResponseCodec.java:49)
	at org.openqa.selenium.remote.HttpCommandExecutor.execute(HttpCommandExecutor.java:158)
	at org.openqa.selenium.remote.service.DriverCommandExecutor.execute(DriverCommandExecutor.java:83)
	at org.openqa.selenium.remote.RemoteWebDriver.execute(RemoteWebDriver.java:552)
	at org.openqa.selenium.remote.RemoteWebDriver.findElement(RemoteWebDriver.java:323)
	at org.openqa.selenium.remote.RemoteWebDriver.findElementByXPath(RemoteWebDriver.java:428)
	at org.openqa.selenium.By$ByXPath.findElement(By.java:353)
	at org.openqa.selenium.remote.RemoteWebDriver.findElement(RemoteWebDriver.java:315)
	at org.openqa.selenium.support.pagefactory.DefaultElementLocator.findElement(DefaultElementLocator.java:69)
	at org.openqa.selenium.support.pagefactory.internal.LocatingElementHandler.invoke(LocatingElementHandler.java:38)
	at com.sun.proxy.$Proxy9.isDisplayed(Unknown Source)
	at com.qa.pages.LoginPage.isLogoImageDisplayed(LoginPage.java:34)
	at com.qa.tests.LoginPageTest.verifyLoginPageLogoTest(LoginPageTest.java:35)
	at sun.reflect.NativeMethodAccessorImpl.invoke0(Native Method)
	at sun.reflect.NativeMethodAccessorImpl.invoke(NativeMethodAccessorImpl.java:62)
	at sun.reflect.DelegatingMethodAccessorImpl.invoke(DelegatingMethodAccessorImpl.java:43)
	at java.lang.reflect.Method.invoke(Method.java:498)
	at org.testng.internal.MethodInvocationHelper.invokeMethod(MethodInvocationHelper.java:80)
	at org.testng.internal.Invoker.invokeMethod(Invoker.java:714)
	at org.testng.internal.Invoker.invokeTestMethod(Invoker.java:901)
	at org.testng.internal.Invoker.invokeTestMethods(Invoker.java:1231)
	at org.testng.internal.TestMethodWorker.invokeTestMethods(TestMethodWorker.java:127)
	at org.testng.internal.TestMethodWorker.run(TestMethodWorker.java:111)
	at org.testng.TestRunner.privateRun(TestRunner.java:767)
	at org.testng.TestRunner.run(TestRunner.java:617)
	at org.testng.SuiteRunner.runTest(SuiteRunner.java:334)
	at org.testng.SuiteRunner.runSequentially(SuiteRunner.java:329)
	at org.testng.SuiteRunner.privateRun(SuiteRunner.java:291)
	at org.testng.SuiteRunner.run(SuiteRunner.java:240)
	at org.testng.SuiteRunnerWorker.runSuite(SuiteRunnerWorker.java:52)
	at org.testng.SuiteRunnerWorker.run(SuiteRunnerWorker.java:86)
	at org.testng.TestNG.runSuitesSequentially(TestNG.java:1198)
	at org.testng.TestNG.runSuitesLocally(TestNG.java:1123)
	at org.testng.TestNG.run(TestNG.java:1031)
	at org.testng.remote.AbstractRemoteTestNG.run(AbstractRemoteTestNG.java:114)
	at org.testng.remote.RemoteTestNG.initAndRun(RemoteTestNG.java:251)
	at org.testng.remote.RemoteTestNG.main(RemoteTestNG.java:77)
]]>
            </full-stacktrace>
          </exception> <!-- org.openqa.selenium.NoSuchElementException -->
          <reporter-output>
          </reporter-output>
        </test-method> <!-- verifyLoginPageLogoTest -->
        <test-method status="PASS" signature="tearDown()[pri:0, instance:com.qa.tests.LoginPageTest@61832929]" name="tearDown" is-config="true" duration-ms="147" started-at="2021-10-03T20:01:44Z" finished-at="2021-10-03T20:01:45Z">
          <reporter-output>
          </reporter-output>
        </test-method> <!-- tearDown -->
        <test-method status="PASS" signature="setUp()[pri:0, instance:com.qa.tests.LoginPageTest@61832929]" name="setUp" is-config="true" duration-ms="7151" started-at="2021-10-03T20:01:45Z" finished-at="2021-10-03T20:01:52Z">
          <reporter-output>
          </reporter-output>
        </test-method> <!-- setUp -->
        <test-method status="PASS" signature="verifyHeaderLinksTest()[pri:0, instance:com.qa.tests.LoginPageTest@61832929]" name="verifyHeaderLinksTest" duration-ms="169" started-at="2021-10-03T20:01:52Z" finished-at="2021-10-03T20:01:52Z">
          <reporter-output>
          </reporter-output>
        </test-method> <!-- verifyHeaderLinksTest -->
        <test-method status="PASS" signature="tearDown()[pri:0, instance:com.qa.tests.LoginPageTest@61832929]" name="tearDown" is-config="true" duration-ms="122" started-at="2021-10-03T20:01:52Z" finished-at="2021-10-03T20:01:52Z">
          <reporter-output>
          </reporter-output>
        </test-method> <!-- tearDown -->
        <test-method status="PASS" signature="setUp()[pri:0, instance:com.qa.tests.LoginPageTest@61832929]" name="setUp" is-config="true" duration-ms="7087" started-at="2021-10-03T20:01:52Z" finished-at="2021-10-03T20:01:59Z">
          <reporter-output>
          </reporter-output>
        </test-method> <!-- setUp -->
        <test-method status="PASS" signature="loginTest()[pri:0, instance:com.qa.tests.LoginPageTest@61832929]" name="loginTest" duration-ms="5606" started-at="2021-10-03T20:01:59Z" finished-at="2021-10-03T20:02:05Z">
          <reporter-output>
          </reporter-output>
        </test-method> <!-- loginTest -->
        <test-method status="PASS" signature="tearDown()[pri:0, instance:com.qa.tests.LoginPageTest@61832929]" name="tearDown" is-config="true" duration-ms="136" started-at="2021-10-03T20:02:05Z" finished-at="2021-10-03T20:02:05Z">
          <reporter-output>
          </reporter-output>
        </test-method> <!-- tearDown -->
      </class> <!-- com.qa.tests.LoginPageTest -->
    </test> <!-- Free CRM Automation Test -->
  </suite> <!-- Free CRM Automation Suite -->
</testng-results>
